<?xml version="1.0" encoding="UTF-8"?>
<!-- Generated by org.testng.reporters.JUnitXMLReporter -->
<testsuite ignored="4" hostname="DESKTOP-RRPSJ5H" failures="0" tests="1" name="groupingTest" time="0.137" errors="0" timestamp="2023-03-26T01:27:22 IST">
  <testcase classname="test.GroupingExample" name="test4" time="0.019"/>
  <testcase classname="test.GroupingExample" name="test3" time="0.0">
    <ignored/>
  </testcase> <!-- test3 -->
  <testcase classname="test.GroupingExample" name="test2" time="0.0">
    <ignored/>
  </testcase> <!-- test2 -->
  <testcase classname="test.GroupingExample" name="test5" time="0.0">
    <ignored/>
  </testcase> <!-- test5 -->
  <testcase classname="test.GroupingExample" name="test1" time="0.0">
    <ignored/>
  </testcase> <!-- test1 -->
</testsuite> <!-- groupingTest -->
