<?xml version="1.0" encoding="UTF-8"?>
<!-- Generated by org.testng.reporters.JUnitXMLReporter -->
<testsuite ignored="0" hostname="DESKTOP-RRPSJ5H" failures="1" tests="3" name="Test" time="0.167" errors="0" timestamp="2023-03-26T19:51:15 IST">
  <testcase classname="listeners.ListenersTest" name="test1" time="0.019"/>
  <testcase classname="listeners.ListenersTest" name="test2" time="0.017">
    <failure type="java.lang.AssertionError" message="expected [B] but found [A]">
      <![CDATA[java.lang.AssertionError: expected [B] but found [A]
at listeners.ListenersTest.test2(ListenersTest.java:19)
at java.base/java.util.ArrayList.forEach(ArrayList.java:1511)
... Removed 33 stack frames]]>
    </failure>
  </testcase> <!-- test2 -->
  <testcase classname="listeners.ListenersTest" name="test3" time="0.028">
    <skipped/>
  </testcase> <!-- test3 -->
</testsuite> <!-- Test -->
